<?xml version="1.0" encoding="UTF-8"?>
<testsuite name="priorityQueueTest" tests="1" skipped="0" failures="0" errors="0" timestamp="2022-08-20T19:38:48" hostname="afk-Blade-15-Base-Model-Early-2020-RZ09-0328" time="0.018">
  <properties/>
  <testcase name="arrangedByNodeThenCoseDijkstra()" classname="priorityQueueTest" time="0.018"/>
  <system-out><![CDATA[[Edge{node=0, edge=1, cost=-1.0}, Edge{node=0, edge=1, cost=0.0}, Edge{node=0, edge=1, cost=1.0}, Edge{node=1, edge=2, cost=-12.0}, Edge{node=1, edge=2, cost=3.0}]
]]></system-out>
  <system-err><![CDATA[]]></system-err>
</testsuite>
